<?xml version="1.0" encoding="UTF-8"?>
<!-- Generated by org.testng.reporters.JUnitReportReporter -->
<testsuite hostname="CKV-Laptop" failures="0" tests="5" name="practice.GetExcelDataFromOutsideClassTest" time="0.008" errors="0" timestamp="2023-08-04T16:35:29 IST" skipped="0">
  <testcase classname="practice.GetExcelDataFromOutsideClassTest" name="getDataFromOutsideClass" time="0.002"/>
  <system-out/>
  <testcase classname="practice.GetExcelDataFromOutsideClassTest" name="getDataFromOutsideClass" time="0.001"/>
  <system-out/>
  <testcase classname="practice.GetExcelDataFromOutsideClassTest" name="getDataFromOutsideClass" time="0.001"/>
  <system-out/>
  <testcase classname="practice.GetExcelDataFromOutsideClassTest" name="getDataFromOutsideClass" time="0.000"/>
  <system-out/>
  <testcase classname="practice.GetExcelDataFromOutsideClassTest" name="getDataFromOutsideClass" time="0.004"/>
  <system-out/>
</testsuite> <!-- practice.GetExcelDataFromOutsideClassTest -->
