<?xml version="1.0" encoding="UTF-8"?>
<!-- Generated by org.testng.reporters.JUnitReportReporter -->
<testsuite hostname="CKV-Laptop" failures="0" tests="1" name="Client_Module.FindClientStatusUsingNomineesLinkTest" time="6.192" errors="0" timestamp="2023-08-16T12:14:08 IST" skipped="0">
  <testcase classname="Client_Module.FindClientStatusUsingNomineesLinkTest" name="findClientStatusUsingNomineesTest" time="6.192"/>
  <system-out>
    <![CDATA[findClientStatusUsingNomineesTest---->Testscript execution started
findClientStatusUsingNomineesTest---->Testscript execution passed]]>
  </system-out>
</testsuite> <!-- Client_Module.FindClientStatusUsingNomineesLinkTest -->
