<?xml version="1.0" encoding="UTF-8"?>
<!-- Generated by org.testng.reporters.JUnitReportReporter -->
<testsuite hostname="CKV-Laptop" failures="0" tests="1" name="Client_Module.AddNomineeUsingClientStatusLinkTest" time="4.309" errors="0" timestamp="2023-08-16T12:14:08 IST" skipped="0">
  <testcase classname="Client_Module.AddNomineeUsingClientStatusLinkTest" name="AddNomineeUsingClientStatusLinkFunctionTest" time="4.309"/>
  <system-out>
    <![CDATA[AddNomineeUsingClientStatusLinkFunctionTest---->Testscript execution started
AddNomineeUsingClientStatusLinkFunctionTest---->Testscript execution passed]]>
  </system-out>
</testsuite> <!-- Client_Module.AddNomineeUsingClientStatusLinkTest -->
