<?xml version="1.0" encoding="UTF-8"?>
<!-- Generated by org.testng.reporters.JUnitReportReporter -->
<testsuite hostname="CKV-Laptop" failures="0" tests="4" name="practice.FetchDataProviderDataFromExternalClassTest" time="0.011" errors="0" timestamp="2023-08-04T16:35:02 IST" skipped="0">
  <testcase classname="practice.FetchDataProviderDataFromExternalClassTest" name="fetchData" time="0.009"/>
  <system-out/>
  <testcase classname="practice.FetchDataProviderDataFromExternalClassTest" name="fetchData" time="0.001"/>
  <system-out/>
  <testcase classname="practice.FetchDataProviderDataFromExternalClassTest" name="fetchData" time="0.000"/>
  <system-out/>
  <testcase classname="practice.FetchDataProviderDataFromExternalClassTest" name="fetchData" time="0.001"/>
  <system-out/>
</testsuite> <!-- practice.FetchDataProviderDataFromExternalClassTest -->
