<?xml version="1.0" encoding="UTF-8"?>
<!-- Generated by org.testng.reporters.JUnitReportReporter -->
<testsuite hostname="CKV-Laptop" failures="0" tests="3" name="practice.TestNGPractice" time="0.023" errors="0" timestamp="2023-08-04T12:37:40 IST" skipped="0">
  <testcase classname="practice.TestNGPractice" name="method1" time="0.006"/>
  <system-out/>
  <testcase classname="practice.TestNGPractice" name="method2" time="0.002"/>
  <system-out/>
  <testcase classname="practice.TestNGPractice" name="method3" time="0.015"/>
  <system-out/>
</testsuite> <!-- practice.TestNGPractice -->
