<?xml version="1.0" encoding="UTF-8"?>
<!-- Generated by org.testng.reporters.JUnitReportReporter -->
<testsuite hostname="CKV-Laptop" failures="0" tests="1" name="practice.readDataFromCommandPromptTest" time="3.660" errors="0" timestamp="2023-07-28T17:34:02 IST" skipped="0">
  <testcase classname="practice.readDataFromCommandPromptTest" name="readDataFromCMDTest" time="3.660"/>
  <system-out/>
</testsuite> <!-- practice.readDataFromCommandPromptTest -->
