<?xml version="1.0" encoding="UTF-8"?>
<!-- Generated by org.testng.reporters.JUnitReportReporter -->
<testsuite hostname="CKV-Laptop" failures="0" tests="4" name="practice.DataProviderSingleClassTest" time="0.007" errors="0" timestamp="2023-08-04T16:34:51 IST" skipped="0">
  <testcase classname="practice.DataProviderSingleClassTest" name="getData" time="0.000"/>
  <system-out/>
  <testcase classname="practice.DataProviderSingleClassTest" name="getData" time="0.005"/>
  <system-out/>
  <testcase classname="practice.DataProviderSingleClassTest" name="getData" time="0.002"/>
  <system-out/>
  <testcase classname="practice.DataProviderSingleClassTest" name="getData" time="0.000"/>
  <system-out/>
</testsuite> <!-- practice.DataProviderSingleClassTest -->
