<?xml version="1.0" encoding="UTF-8"?>
<!-- Generated by org.testng.reporters.JUnitReportReporter -->
<testsuite hostname="CKV-Laptop" failures="0" tests="5" name="practice.HandlingExcelDataProviderGenericClassTest" time="0.010" errors="0" timestamp="2023-08-04T16:39:24 IST" skipped="0">
  <testcase classname="practice.HandlingExcelDataProviderGenericClassTest" name="getDataFromOutsideClass" time="0.005"/>
  <system-out/>
  <testcase classname="practice.HandlingExcelDataProviderGenericClassTest" name="getDataFromOutsideClass" time="0.002"/>
  <system-out/>
  <testcase classname="practice.HandlingExcelDataProviderGenericClassTest" name="getDataFromOutsideClass" time="0.001"/>
  <system-out/>
  <testcase classname="practice.HandlingExcelDataProviderGenericClassTest" name="getDataFromOutsideClass" time="0.001"/>
  <system-out/>
  <testcase classname="practice.HandlingExcelDataProviderGenericClassTest" name="getDataFromOutsideClass" time="0.001"/>
  <system-out/>
</testsuite> <!-- practice.HandlingExcelDataProviderGenericClassTest -->
