<?xml version="1.0" encoding="UTF-8"?>
<!-- Generated by org.testng.reporters.JUnitReportReporter -->
<testsuite hostname="CKV-Laptop" failures="0" tests="2" name="practice.TestNGTwoTest" time="0.006" errors="0" timestamp="2023-08-07T12:06:38 IST" skipped="0">
  <testcase classname="practice.TestNGTwoTest" name="TestScript1" time="0.004"/>
  <system-out/>
  <testcase classname="practice.TestNGTwoTest" name="TestScript2" time="0.002"/>
  <system-out/>
</testsuite> <!-- practice.TestNGTwoTest -->
