<?xml version="1.0" encoding="UTF-8"?>
<!-- Generated by org.testng.reporters.JUnitReportReporter -->
<testsuite hostname="CKV-Laptop" failures="0" tests="1" name="practice.ExecutionTypeFile1" time="0.018" errors="0" timestamp="2023-08-07T15:57:38 IST" skipped="0">
  <testcase classname="practice.ExecutionTypeFile1" name="AgentDelete" time="0.018"/>
  <system-out/>
</testsuite> <!-- practice.ExecutionTypeFile1 -->
