<?xml version="1.0" encoding="UTF-8"?>
<!-- Generated by org.testng.reporters.JUnitReportReporter -->
<testsuite hostname="CKV-Laptop" failures="0" tests="1" name="practice.ParallelExecution3" time="0.528" errors="0" timestamp="2023-08-08T12:40:51 IST" skipped="0">
  <testcase classname="practice.ParallelExecution3" name="PaymentDelete" time="0.528"/>
  <system-out/>
</testsuite> <!-- practice.ParallelExecution3 -->
