<?xml version="1.0" encoding="UTF-8"?>
<!-- Generated by org.testng.reporters.JUnitReportReporter -->
<testsuite hostname="CKV-Laptop" failures="0" tests="1" name="Nominee_Module.EditClientUsingNomineesTest" time="8.862" errors="0" timestamp="2023-08-16T12:14:08 IST" skipped="0">
  <testcase classname="Nominee_Module.EditClientUsingNomineesTest" name="EditClientUsingNomineesLinkTest" time="8.862"/>
  <system-out>
    <![CDATA[EditClientUsingNomineesLinkTest---->Testscript execution started
EditClientUsingNomineesLinkTest---->Testscript execution passed]]>
  </system-out>
</testsuite> <!-- Nominee_Module.EditClientUsingNomineesTest -->
