<?xml version="1.0" encoding="UTF-8"?>
<!-- Generated by org.testng.reporters.JUnitReportReporter -->
<testsuite hostname="CKV-Laptop" failures="0" tests="1" name="GenericTest.LoginToHopestarTest" time="1.746" errors="0" timestamp="2023-08-14T15:24:43 IST" skipped="0">
  <testcase classname="GenericTest.LoginToHopestarTest" name="LoginToHopestarTest" time="1.746"/>
  <system-out/>
</testsuite> <!-- GenericTest.LoginToHopestarTest -->
