<?xml version="1.0" encoding="UTF-8"?>
<!-- Generated by org.testng.reporters.JUnitReportReporter -->
<testsuite hostname="CKV-Laptop" failures="0" tests="2" name="practice.ParallelExecution1" time="1.097" errors="0" timestamp="2023-08-08T12:40:51 IST" skipped="0">
  <testcase classname="practice.ParallelExecution1" name="PolicyDelete" time="0.545"/>
  <system-out/>
  <testcase classname="practice.ParallelExecution1" name="PolicyCreate" time="0.552"/>
  <system-out/>
</testsuite> <!-- practice.ParallelExecution1 -->
