<?xml version="1.0" encoding="UTF-8"?>
<!-- Generated by org.testng.reporters.JUnitReportReporter -->
<testsuite hostname="CKV-Laptop" failures="0" tests="1" name="practice.ExecutionTypeFile2" time="0.001" errors="0" timestamp="2023-08-07T15:46:18 IST" skipped="0">
  <testcase classname="practice.ExecutionTypeFile2" name="PolicyDelete" time="0.001"/>
  <system-out/>
</testsuite> <!-- practice.ExecutionTypeFile2 -->
