<?xml version="1.0" encoding="UTF-8"?>
<!-- Generated by org.testng.reporters.JUnitReportReporter -->
<testsuite hostname="CKV-Laptop" failures="0" tests="5" name="practice.GetDataFromExcelFileTest" time="0.010" errors="0" timestamp="2023-08-04T16:35:11 IST" skipped="0">
  <testcase classname="practice.GetDataFromExcelFileTest" name="getData" time="0.001"/>
  <system-out/>
  <testcase classname="practice.GetDataFromExcelFileTest" name="getData" time="0.001"/>
  <system-out/>
  <testcase classname="practice.GetDataFromExcelFileTest" name="getData" time="0.000"/>
  <system-out/>
  <testcase classname="practice.GetDataFromExcelFileTest" name="getData" time="0.001"/>
  <system-out/>
  <testcase classname="practice.GetDataFromExcelFileTest" name="getData" time="0.007"/>
  <system-out/>
</testsuite> <!-- practice.GetDataFromExcelFileTest -->
