<?xml version="1.0" encoding="UTF-8"?>
<!-- Generated by org.testng.reporters.JUnitReportReporter -->
<testsuite hostname="CKV-Laptop" failures="0" tests="2" name="practice.TestNGTwoClassesOneTest" time="0.006" errors="0" timestamp="2023-08-07T12:33:50 IST" skipped="0">
  <testcase classname="practice.TestNGTwoClassesOneTest" name="TestScript1" time="0.006"/>
  <system-out/>
  <testcase classname="practice.TestNGTwoClassesOneTest" name="TestScript11" time="0.000"/>
  <system-out/>
</testsuite> <!-- practice.TestNGTwoClassesOneTest -->
