<?xml version="1.0" encoding="UTF-8"?>
<!-- Generated by org.testng.reporters.JUnitReportReporter -->
<testsuite hostname="CKV-Laptop" failures="0" tests="1" name="GenericTest.SearchForClientTest" time="8.188" errors="0" timestamp="2023-08-14T15:25:32 IST" skipped="0">
  <testcase classname="GenericTest.SearchForClientTest" name="SearchForClientTest" time="8.188"/>
  <system-out/>
</testsuite> <!-- GenericTest.SearchForClientTest -->
