<?xml version="1.0" encoding="UTF-8"?>
<!-- Generated by org.testng.reporters.JUnitReportReporter -->
<testsuite hostname="CKV-Laptop" failures="0" tests="1" name="Payments_Module.AddNewPaymentTest" time="2.314" errors="0" timestamp="2023-08-16T12:14:08 IST" skipped="0">
  <testcase classname="Payments_Module.AddNewPaymentTest" name="AddNewPaymentMethodTest" time="2.314"/>
  <system-out>
    <![CDATA[AddNewPaymentMethodTest---->Testscript execution started
AddNewPaymentMethodTest---->Testscript execution passed]]>
  </system-out>
</testsuite> <!-- Payments_Module.AddNewPaymentTest -->
