<?xml version="1.0" encoding="UTF-8"?>
<!-- Generated by org.testng.reporters.JUnitReportReporter -->
<testsuite hostname="CKV-Laptop" failures="0" tests="1" name="practice.TestNGSingleTest" time="0.005" errors="0" timestamp="2023-08-07T12:06:38 IST" skipped="0">
  <testcase classname="practice.TestNGSingleTest" name="TestScript1" time="0.005"/>
  <system-out/>
</testsuite> <!-- practice.TestNGSingleTest -->
